<?xml version="1.0" encoding="UTF-8"?>
<testng-results ignored="0" total="4" passed="4" failed="0" skipped="0">
  <reporter-output>
  </reporter-output>
  <suite started-at="2021-03-31T03:40:33Z" name="Suite" finished-at="2021-03-31T03:40:33Z" duration-ms="122">
    <groups>
    </groups>
    <test started-at="2021-03-31T03:40:33Z" name="Test" finished-at="2021-03-31T03:40:33Z" duration-ms="122">
      <class name="selenium.Mavenjava.SeleniumTest">
        <test-method signature="browserAutomatinoTest()[pri:0, instance:selenium.Mavenjava.SeleniumTest@f2f2cc1]" started-at="2021-03-31T03:40:33Z" name="browserAutomatinoTest" finished-at="2021-03-31T03:40:33Z" duration-ms="2" status="PASS">
          <reporter-output>
          </reporter-output>
        </test-method> <!-- browserAutomatinoTest -->
        <test-method signature="elementUITest()[pri:0, instance:selenium.Mavenjava.SeleniumTest@f2f2cc1]" started-at="2021-03-31T03:40:33Z" name="elementUITest" finished-at="2021-03-31T03:40:33Z" duration-ms="1" status="PASS">
          <reporter-output>
          </reporter-output>
        </test-method> <!-- elementUITest -->
      </class> <!-- selenium.Mavenjava.SeleniumTest -->
      <class name="selenium.Mavenjava.RestTest">
        <test-method signature="ApiTest()[pri:0, instance:selenium.Mavenjava.RestTest@436a4e4b]" started-at="2021-03-31T03:40:33Z" name="ApiTest" finished-at="2021-03-31T03:40:33Z" duration-ms="18" status="PASS">
          <reporter-output>
          </reporter-output>
        </test-method> <!-- ApiTest -->
        <test-method signature="TwitterTest()[pri:0, instance:selenium.Mavenjava.RestTest@436a4e4b]" started-at="2021-03-31T03:40:33Z" name="TwitterTest" finished-at="2021-03-31T03:40:33Z" duration-ms="3" status="PASS">
          <reporter-output>
          </reporter-output>
        </test-method> <!-- TwitterTest -->
      </class> <!-- selenium.Mavenjava.RestTest -->
    </test> <!-- Test -->
  </suite> <!-- Suite -->
</testng-results>
