<?xml version="1.0" encoding="UTF-8"?>
<!-- Generated by org.testng.reporters.JUnitXMLReporter -->
<testsuite ignored="0" hostname="LAPTOP-V63JSBHA" failures="0" tests="4" name="Test" time="0.122" errors="0" timestamp="31 Mar 2021 03:40:33 GMT">
  <testcase classname="selenium.Mavenjava.RestTest" name="ApiTest" time="0.018"/>
  <testcase classname="selenium.Mavenjava.RestTest" name="TwitterTest" time="0.003"/>
  <testcase classname="selenium.Mavenjava.SeleniumTest" name="browserAutomatinoTest" time="0.002"/>
  <testcase classname="selenium.Mavenjava.SeleniumTest" name="elementUITest" time="0.001"/>
</testsuite> <!-- Test -->
